<?xml version="1.0" encoding="UTF-8"?>
<testsuite name="com.rentcar.kakao.service.StoreServiceImplTest" tests="1" skipped="0" failures="0" errors="0" timestamp="2022-08-01T04:18:39" hostname="DESKTOP-R7AB2GV" time="0.033">
  <properties/>
  <testcase name="stream()" classname="com.rentcar.kakao.service.StoreServiceImplTest" time="0.033"/>
  <system-out><![CDATA[lng :127.474194791881
lat :36.6153023118373
now_lng :127.474194791881
now_lat :36.6153023118373
0.0
Store(name=봄봄, address=충북 청주시 서원구 수곡동 1002, address_road=충청북도 청주시 서원구 수곡로 34, phonenum=123-1234-1234, type=null, x=127.474194791881, y=36.6153023118373)
]]></system-out>
  <system-err><![CDATA[]]></system-err>
</testsuite>
